2015-11-29 14:23:38,159 [Worker-1] INFO  o.e.m.c.i.p.ProjectConfigurationManager - Collecting project info '/pom.xml' C:\Users\JAT\Desktop\Git\Tetris\game\pom.xml
2015-11-29 14:23:43,318 [Worker-1] INFO  o.e.m.c.i.l.LifecycleMappingFactory - Using org.eclipse.m2e.jdt.JarLifecycleMapping lifecycle mapping for MavenProject: tetris:game:0.0.1-SNAPSHOT @ C:\Users\JAT\Desktop\Git\Tetris\game\pom.xml.
2015-11-29 14:23:44,369 [Worker-2] INFO  o.e.m.c.i.l.LifecycleMappingFactory - Using org.eclipse.m2e.jdt.JarLifecycleMapping lifecycle mapping for MavenProject: tetris:game:0.0.1-SNAPSHOT @ C:\Users\JAT\Desktop\Git\Tetris\game\pom.xml.
2015-11-29 14:23:44,393 [Worker-1] INFO  o.e.m.j.i.AbstractJavaProjectConfigurator - Adding source folder /game/src/main/java
2015-11-29 14:23:44,404 [Worker-1] INFO  o.e.m.j.i.AbstractJavaProjectConfigurator - Adding source folder /game/src/test/java
2015-11-29 14:23:46,156 [Worker-1] INFO  o.e.m.c.i.p.ProjectConfigurationManager - Imported and configured 1 project(s) in 7 sec
2015-11-29 14:23:47,354 [Worker-1] INFO  o.e.m.c.i.l.LifecycleMappingFactory - Using org.eclipse.m2e.jdt.JarLifecycleMapping lifecycle mapping for MavenProject: tetris:game:0.0.1-SNAPSHOT @ C:\Users\JAT\Desktop\Git\Tetris\game\pom.xml.
2015-11-29 14:23:47,460 [Worker-1] INFO  o.e.m.c.i.embedder.EclipseLogger - Using 'UTF-8' encoding to copy filtered resources.
2015-11-29 14:23:47,461 [Worker-1] INFO  o.e.m.c.i.embedder.EclipseLogger - skip non existing resourceDirectory C:\Users\JAT\Desktop\Git\Tetris\game\src\main\resources
2015-11-29 14:23:47,464 [Worker-1] INFO  o.e.m.c.i.embedder.EclipseLogger - Using 'UTF-8' encoding to copy filtered resources.
2015-11-29 14:23:47,464 [Worker-1] INFO  o.e.m.c.i.embedder.EclipseLogger - skip non existing resourceDirectory C:\Users\JAT\Desktop\Git\Tetris\game\src\test\resources
2015-11-29 14:25:23,836 [Worker-1] INFO  o.e.m.c.i.embedder.EclipseLogger - Using 'UTF-8' encoding to copy filtered resources.
2015-11-29 14:25:23,836 [Worker-1] INFO  o.e.m.c.i.embedder.EclipseLogger - skip non existing resourceDirectory C:\Users\JAT\Desktop\Git\Tetris\game\src\main\resources
2015-11-29 14:25:23,838 [Worker-1] INFO  o.e.m.c.i.embedder.EclipseLogger - Using 'UTF-8' encoding to copy filtered resources.
2015-11-29 14:25:23,838 [Worker-1] INFO  o.e.m.c.i.embedder.EclipseLogger - skip non existing resourceDirectory C:\Users\JAT\Desktop\Git\Tetris\game\src\test\resources
2015-11-29 14:35:39,688 [Worker-9] INFO  o.e.m.c.i.embedder.EclipseLogger - Using 'UTF-8' encoding to copy filtered resources.
2015-11-29 14:35:39,690 [Worker-9] INFO  o.e.m.c.i.embedder.EclipseLogger - skip non existing resourceDirectory C:\Users\JAT\Desktop\Git\Tetris\game\src\main\resources
2015-11-29 14:35:39,700 [Worker-9] INFO  o.e.m.c.i.embedder.EclipseLogger - Using 'UTF-8' encoding to copy filtered resources.
2015-11-29 14:35:39,700 [Worker-9] INFO  o.e.m.c.i.embedder.EclipseLogger - skip non existing resourceDirectory C:\Users\JAT\Desktop\Git\Tetris\game\src\test\resources
2015-11-29 14:36:28,972 [Worker-9] INFO  o.e.m.c.i.embedder.EclipseLogger - Using 'UTF-8' encoding to copy filtered resources.
2015-11-29 14:36:28,973 [Worker-9] INFO  o.e.m.c.i.embedder.EclipseLogger - skip non existing resourceDirectory C:\Users\JAT\Desktop\Git\Tetris\game\src\main\resources
2015-11-29 14:36:28,975 [Worker-9] INFO  o.e.m.c.i.embedder.EclipseLogger - Using 'UTF-8' encoding to copy filtered resources.
2015-11-29 14:36:28,976 [Worker-9] INFO  o.e.m.c.i.embedder.EclipseLogger - skip non existing resourceDirectory C:\Users\JAT\Desktop\Git\Tetris\game\src\test\resources
2015-11-29 15:42:40,490 [Worker-32] INFO  o.e.m.c.i.embedder.EclipseLogger - Using 'UTF-8' encoding to copy filtered resources.
2015-11-29 15:42:40,492 [Worker-32] INFO  o.e.m.c.i.embedder.EclipseLogger - skip non existing resourceDirectory C:\Users\JAT\Desktop\Git\Tetris\game\src\main\resources
2015-11-29 15:42:40,498 [Worker-32] INFO  o.e.m.c.i.embedder.EclipseLogger - Using 'UTF-8' encoding to copy filtered resources.
2015-11-29 15:42:40,499 [Worker-32] INFO  o.e.m.c.i.embedder.EclipseLogger - skip non existing resourceDirectory C:\Users\JAT\Desktop\Git\Tetris\game\src\test\resources
2015-11-29 15:43:13,683 [Worker-34] INFO  o.e.m.c.i.embedder.EclipseLogger - Using 'UTF-8' encoding to copy filtered resources.
2015-11-29 15:43:13,683 [Worker-34] INFO  o.e.m.c.i.embedder.EclipseLogger - skip non existing resourceDirectory C:\Users\JAT\Desktop\Git\Tetris\game\src\main\resources
2015-11-29 15:43:13,685 [Worker-34] INFO  o.e.m.c.i.embedder.EclipseLogger - Using 'UTF-8' encoding to copy filtered resources.
2015-11-29 15:43:13,686 [Worker-34] INFO  o.e.m.c.i.embedder.EclipseLogger - skip non existing resourceDirectory C:\Users\JAT\Desktop\Git\Tetris\game\src\test\resources
2015-11-29 15:51:35,463 [Worker-37] INFO  o.e.m.c.i.embedder.EclipseLogger - Using 'UTF-8' encoding to copy filtered resources.
2015-11-29 15:51:35,465 [Worker-37] INFO  o.e.m.c.i.embedder.EclipseLogger - skip non existing resourceDirectory C:\Users\JAT\Desktop\Git\Tetris\game\src\main\resources
2015-11-29 15:51:35,468 [Worker-37] INFO  o.e.m.c.i.embedder.EclipseLogger - Using 'UTF-8' encoding to copy filtered resources.
2015-11-29 15:51:35,469 [Worker-37] INFO  o.e.m.c.i.embedder.EclipseLogger - skip non existing resourceDirectory C:\Users\JAT\Desktop\Git\Tetris\game\src\test\resources
2015-11-29 15:55:38,615 [Worker-43] INFO  o.e.m.c.i.embedder.EclipseLogger - Using 'UTF-8' encoding to copy filtered resources.
2015-11-29 15:55:38,615 [Worker-43] INFO  o.e.m.c.i.embedder.EclipseLogger - skip non existing resourceDirectory C:\Users\JAT\Desktop\Git\Tetris\game\src\main\resources
2015-11-29 15:55:38,617 [Worker-43] INFO  o.e.m.c.i.embedder.EclipseLogger - Using 'UTF-8' encoding to copy filtered resources.
2015-11-29 15:55:38,618 [Worker-43] INFO  o.e.m.c.i.embedder.EclipseLogger - skip non existing resourceDirectory C:\Users\JAT\Desktop\Git\Tetris\game\src\test\resources
2015-11-29 15:56:07,178 [Worker-44] INFO  o.e.m.c.i.embedder.EclipseLogger - Using 'UTF-8' encoding to copy filtered resources.
2015-11-29 15:56:07,180 [Worker-44] INFO  o.e.m.c.i.embedder.EclipseLogger - skip non existing resourceDirectory C:\Users\JAT\Desktop\Git\Tetris\game\src\main\resources
2015-11-29 15:56:07,184 [Worker-44] INFO  o.e.m.c.i.embedder.EclipseLogger - Using 'UTF-8' encoding to copy filtered resources.
2015-11-29 15:56:07,184 [Worker-44] INFO  o.e.m.c.i.embedder.EclipseLogger - skip non existing resourceDirectory C:\Users\JAT\Desktop\Git\Tetris\game\src\test\resources
2015-11-29 16:02:40,643 [Worker-47] INFO  o.e.m.c.i.embedder.EclipseLogger - Using 'UTF-8' encoding to copy filtered resources.
2015-11-29 16:02:40,644 [Worker-47] INFO  o.e.m.c.i.embedder.EclipseLogger - skip non existing resourceDirectory C:\Users\JAT\Desktop\Git\Tetris\game\src\main\resources
2015-11-29 16:02:40,646 [Worker-47] INFO  o.e.m.c.i.embedder.EclipseLogger - Using 'UTF-8' encoding to copy filtered resources.
2015-11-29 16:02:40,647 [Worker-47] INFO  o.e.m.c.i.embedder.EclipseLogger - skip non existing resourceDirectory C:\Users\JAT\Desktop\Git\Tetris\game\src\test\resources
2015-11-29 16:05:28,337 [Worker-49] INFO  o.e.m.c.i.embedder.EclipseLogger - Using 'UTF-8' encoding to copy filtered resources.
2015-11-29 16:05:28,338 [Worker-49] INFO  o.e.m.c.i.embedder.EclipseLogger - skip non existing resourceDirectory C:\Users\JAT\Desktop\Git\Tetris\game\src\main\resources
2015-11-29 16:05:28,340 [Worker-49] INFO  o.e.m.c.i.embedder.EclipseLogger - Using 'UTF-8' encoding to copy filtered resources.
2015-11-29 16:05:28,341 [Worker-49] INFO  o.e.m.c.i.embedder.EclipseLogger - skip non existing resourceDirectory C:\Users\JAT\Desktop\Git\Tetris\game\src\test\resources
2015-11-29 16:08:51,922 [Worker-48] INFO  o.e.m.c.i.embedder.EclipseLogger - Using 'UTF-8' encoding to copy filtered resources.
2015-11-29 16:08:51,922 [Worker-48] INFO  o.e.m.c.i.embedder.EclipseLogger - skip non existing resourceDirectory C:\Users\JAT\Desktop\Git\Tetris\game\src\main\resources
2015-11-29 16:08:51,924 [Worker-48] INFO  o.e.m.c.i.embedder.EclipseLogger - Using 'UTF-8' encoding to copy filtered resources.
2015-11-29 16:08:51,925 [Worker-48] INFO  o.e.m.c.i.embedder.EclipseLogger - skip non existing resourceDirectory C:\Users\JAT\Desktop\Git\Tetris\game\src\test\resources
2015-11-29 16:16:30,793 [Worker-58] INFO  o.e.m.c.i.embedder.EclipseLogger - Using 'UTF-8' encoding to copy filtered resources.
2015-11-29 16:16:30,794 [Worker-58] INFO  o.e.m.c.i.embedder.EclipseLogger - skip non existing resourceDirectory C:\Users\JAT\Desktop\Git\Tetris\game\src\main\resources
2015-11-29 16:16:30,797 [Worker-58] INFO  o.e.m.c.i.embedder.EclipseLogger - Using 'UTF-8' encoding to copy filtered resources.
2015-11-29 16:16:30,798 [Worker-58] INFO  o.e.m.c.i.embedder.EclipseLogger - skip non existing resourceDirectory C:\Users\JAT\Desktop\Git\Tetris\game\src\test\resources
2015-11-29 16:36:26,855 [Worker-59] INFO  o.e.m.c.i.embedder.EclipseLogger - Using 'UTF-8' encoding to copy filtered resources.
2015-11-29 16:36:26,861 [Worker-59] INFO  o.e.m.c.i.embedder.EclipseLogger - skip non existing resourceDirectory C:\Users\JAT\Desktop\Git\Tetris\game\src\main\resources
2015-11-29 16:36:26,870 [Worker-59] INFO  o.e.m.c.i.embedder.EclipseLogger - Using 'UTF-8' encoding to copy filtered resources.
2015-11-29 16:36:26,871 [Worker-59] INFO  o.e.m.c.i.embedder.EclipseLogger - skip non existing resourceDirectory C:\Users\JAT\Desktop\Git\Tetris\game\src\test\resources
2015-11-29 21:50:18,232 [Worker-126] INFO  o.e.m.c.i.embedder.EclipseLogger - Using 'UTF-8' encoding to copy filtered resources.
2015-11-29 21:50:18,233 [Worker-126] INFO  o.e.m.c.i.embedder.EclipseLogger - skip non existing resourceDirectory C:\Users\JAT\Desktop\Git\Tetris\game\src\main\resources
2015-11-29 21:50:18,234 [Worker-126] INFO  o.e.m.c.i.embedder.EclipseLogger - Using 'UTF-8' encoding to copy filtered resources.
2015-11-29 21:50:18,235 [Worker-126] INFO  o.e.m.c.i.embedder.EclipseLogger - skip non existing resourceDirectory C:\Users\JAT\Desktop\Git\Tetris\game\src\test\resources
2015-11-29 21:50:31,490 [Worker-105] INFO  o.e.m.c.i.embedder.EclipseLogger - Using 'UTF-8' encoding to copy filtered resources.
2015-11-29 21:50:31,491 [Worker-105] INFO  o.e.m.c.i.embedder.EclipseLogger - skip non existing resourceDirectory C:\Users\JAT\Desktop\Git\Tetris\game\src\main\resources
2015-11-29 21:50:31,493 [Worker-105] INFO  o.e.m.c.i.embedder.EclipseLogger - Using 'UTF-8' encoding to copy filtered resources.
2015-11-29 21:50:31,494 [Worker-105] INFO  o.e.m.c.i.embedder.EclipseLogger - skip non existing resourceDirectory C:\Users\JAT\Desktop\Git\Tetris\game\src\test\resources
2015-11-29 21:50:41,248 [Worker-124] INFO  o.e.m.c.i.embedder.EclipseLogger - Using 'UTF-8' encoding to copy filtered resources.
2015-11-29 21:50:41,248 [Worker-124] INFO  o.e.m.c.i.embedder.EclipseLogger - skip non existing resourceDirectory C:\Users\JAT\Desktop\Git\Tetris\game\src\main\resources
2015-11-29 21:50:41,251 [Worker-124] INFO  o.e.m.c.i.embedder.EclipseLogger - Using 'UTF-8' encoding to copy filtered resources.
2015-11-29 21:50:41,252 [Worker-124] INFO  o.e.m.c.i.embedder.EclipseLogger - skip non existing resourceDirectory C:\Users\JAT\Desktop\Git\Tetris\game\src\test\resources
2015-11-29 21:50:54,859 [Worker-128] INFO  o.e.m.c.i.embedder.EclipseLogger - Using 'UTF-8' encoding to copy filtered resources.
2015-11-29 21:50:54,860 [Worker-128] INFO  o.e.m.c.i.embedder.EclipseLogger - skip non existing resourceDirectory C:\Users\JAT\Desktop\Git\Tetris\game\src\main\resources
2015-11-29 21:50:54,862 [Worker-128] INFO  o.e.m.c.i.embedder.EclipseLogger - Using 'UTF-8' encoding to copy filtered resources.
2015-11-29 21:50:54,863 [Worker-128] INFO  o.e.m.c.i.embedder.EclipseLogger - skip non existing resourceDirectory C:\Users\JAT\Desktop\Git\Tetris\game\src\test\resources
2015-11-29 21:51:36,150 [Worker-126] INFO  o.e.m.c.i.embedder.EclipseLogger - Using 'UTF-8' encoding to copy filtered resources.
2015-11-29 21:51:36,151 [Worker-126] INFO  o.e.m.c.i.embedder.EclipseLogger - skip non existing resourceDirectory C:\Users\JAT\Desktop\Git\Tetris\game\src\main\resources
2015-11-29 21:51:36,153 [Worker-126] INFO  o.e.m.c.i.embedder.EclipseLogger - Using 'UTF-8' encoding to copy filtered resources.
2015-11-29 21:51:36,154 [Worker-126] INFO  o.e.m.c.i.embedder.EclipseLogger - skip non existing resourceDirectory C:\Users\JAT\Desktop\Git\Tetris\game\src\test\resources
2015-11-29 21:52:18,006 [Worker-122] INFO  o.e.m.c.i.embedder.EclipseLogger - Using 'UTF-8' encoding to copy filtered resources.
2015-11-29 21:52:18,006 [Worker-122] INFO  o.e.m.c.i.embedder.EclipseLogger - skip non existing resourceDirectory C:\Users\JAT\Desktop\Git\Tetris\game\src\main\resources
2015-11-29 21:52:18,008 [Worker-122] INFO  o.e.m.c.i.embedder.EclipseLogger - Using 'UTF-8' encoding to copy filtered resources.
2015-11-29 21:52:18,009 [Worker-122] INFO  o.e.m.c.i.embedder.EclipseLogger - skip non existing resourceDirectory C:\Users\JAT\Desktop\Git\Tetris\game\src\test\resources
2015-11-29 21:52:31,220 [Worker-126] INFO  o.e.m.c.i.embedder.EclipseLogger - Using 'UTF-8' encoding to copy filtered resources.
2015-11-29 21:52:31,220 [Worker-126] INFO  o.e.m.c.i.embedder.EclipseLogger - skip non existing resourceDirectory C:\Users\JAT\Desktop\Git\Tetris\game\src\main\resources
2015-11-29 21:52:31,222 [Worker-126] INFO  o.e.m.c.i.embedder.EclipseLogger - Using 'UTF-8' encoding to copy filtered resources.
2015-11-29 21:52:31,223 [Worker-126] INFO  o.e.m.c.i.embedder.EclipseLogger - skip non existing resourceDirectory C:\Users\JAT\Desktop\Git\Tetris\game\src\test\resources
2015-11-29 21:55:01,847 [Worker-129] INFO  o.e.m.c.i.embedder.EclipseLogger - Using 'UTF-8' encoding to copy filtered resources.
2015-11-29 21:55:01,848 [Worker-129] INFO  o.e.m.c.i.embedder.EclipseLogger - skip non existing resourceDirectory C:\Users\JAT\Desktop\Git\Tetris\game\src\main\resources
2015-11-29 21:55:01,856 [Worker-129] INFO  o.e.m.c.i.embedder.EclipseLogger - Using 'UTF-8' encoding to copy filtered resources.
2015-11-29 21:55:01,856 [Worker-129] INFO  o.e.m.c.i.embedder.EclipseLogger - skip non existing resourceDirectory C:\Users\JAT\Desktop\Git\Tetris\game\src\test\resources
2015-11-29 21:55:15,280 [Worker-130] INFO  o.e.m.c.i.embedder.EclipseLogger - Using 'UTF-8' encoding to copy filtered resources.
2015-11-29 21:55:15,280 [Worker-130] INFO  o.e.m.c.i.embedder.EclipseLogger - skip non existing resourceDirectory C:\Users\JAT\Desktop\Git\Tetris\game\src\main\resources
2015-11-29 21:55:15,283 [Worker-130] INFO  o.e.m.c.i.embedder.EclipseLogger - Using 'UTF-8' encoding to copy filtered resources.
2015-11-29 21:55:15,283 [Worker-130] INFO  o.e.m.c.i.embedder.EclipseLogger - skip non existing resourceDirectory C:\Users\JAT\Desktop\Git\Tetris\game\src\test\resources
2015-11-29 21:55:55,820 [Worker-127] INFO  o.e.m.c.i.embedder.EclipseLogger - Using 'UTF-8' encoding to copy filtered resources.
2015-11-29 21:55:55,820 [Worker-127] INFO  o.e.m.c.i.embedder.EclipseLogger - skip non existing resourceDirectory C:\Users\JAT\Desktop\Git\Tetris\game\src\main\resources
2015-11-29 21:55:55,822 [Worker-127] INFO  o.e.m.c.i.embedder.EclipseLogger - Using 'UTF-8' encoding to copy filtered resources.
2015-11-29 21:55:55,823 [Worker-127] INFO  o.e.m.c.i.embedder.EclipseLogger - skip non existing resourceDirectory C:\Users\JAT\Desktop\Git\Tetris\game\src\test\resources
2015-11-29 21:56:15,200 [Worker-127] INFO  o.e.m.c.i.embedder.EclipseLogger - Using 'UTF-8' encoding to copy filtered resources.
2015-11-29 21:56:15,201 [Worker-127] INFO  o.e.m.c.i.embedder.EclipseLogger - skip non existing resourceDirectory C:\Users\JAT\Desktop\Git\Tetris\game\src\main\resources
2015-11-29 21:56:15,203 [Worker-127] INFO  o.e.m.c.i.embedder.EclipseLogger - Using 'UTF-8' encoding to copy filtered resources.
2015-11-29 21:56:15,203 [Worker-127] INFO  o.e.m.c.i.embedder.EclipseLogger - skip non existing resourceDirectory C:\Users\JAT\Desktop\Git\Tetris\game\src\test\resources
2015-11-29 21:56:46,505 [Worker-118] INFO  o.e.m.c.i.embedder.EclipseLogger - Using 'UTF-8' encoding to copy filtered resources.
2015-11-29 21:56:46,506 [Worker-118] INFO  o.e.m.c.i.embedder.EclipseLogger - skip non existing resourceDirectory C:\Users\JAT\Desktop\Git\Tetris\game\src\main\resources
2015-11-29 21:56:46,509 [Worker-118] INFO  o.e.m.c.i.embedder.EclipseLogger - Using 'UTF-8' encoding to copy filtered resources.
2015-11-29 21:56:46,510 [Worker-118] INFO  o.e.m.c.i.embedder.EclipseLogger - skip non existing resourceDirectory C:\Users\JAT\Desktop\Git\Tetris\game\src\test\resources
2015-11-29 22:07:31,446 [Worker-130] INFO  o.e.m.c.i.embedder.EclipseLogger - Using 'UTF-8' encoding to copy filtered resources.
2015-11-29 22:07:31,447 [Worker-130] INFO  o.e.m.c.i.embedder.EclipseLogger - skip non existing resourceDirectory C:\Users\JAT\Desktop\Git\Tetris\game\src\main\resources
2015-11-29 22:07:31,450 [Worker-130] INFO  o.e.m.c.i.embedder.EclipseLogger - Using 'UTF-8' encoding to copy filtered resources.
2015-11-29 22:07:31,450 [Worker-130] INFO  o.e.m.c.i.embedder.EclipseLogger - skip non existing resourceDirectory C:\Users\JAT\Desktop\Git\Tetris\game\src\test\resources
2015-11-29 22:08:27,128 [Worker-132] INFO  o.e.m.c.i.embedder.EclipseLogger - Using 'UTF-8' encoding to copy filtered resources.
2015-11-29 22:08:27,129 [Worker-132] INFO  o.e.m.c.i.embedder.EclipseLogger - skip non existing resourceDirectory C:\Users\JAT\Desktop\Git\Tetris\game\src\main\resources
2015-11-29 22:08:27,131 [Worker-132] INFO  o.e.m.c.i.embedder.EclipseLogger - Using 'UTF-8' encoding to copy filtered resources.
2015-11-29 22:08:27,131 [Worker-132] INFO  o.e.m.c.i.embedder.EclipseLogger - skip non existing resourceDirectory C:\Users\JAT\Desktop\Git\Tetris\game\src\test\resources
2015-11-29 22:25:42,508 [Worker-138] INFO  o.e.m.c.i.embedder.EclipseLogger - Using 'UTF-8' encoding to copy filtered resources.
2015-11-29 22:25:42,509 [Worker-138] INFO  o.e.m.c.i.embedder.EclipseLogger - skip non existing resourceDirectory C:\Users\JAT\Desktop\Git\Tetris\game\src\main\resources
2015-11-29 22:25:42,511 [Worker-138] INFO  o.e.m.c.i.embedder.EclipseLogger - Using 'UTF-8' encoding to copy filtered resources.
2015-11-29 22:25:42,512 [Worker-138] INFO  o.e.m.c.i.embedder.EclipseLogger - skip non existing resourceDirectory C:\Users\JAT\Desktop\Git\Tetris\game\src\test\resources
